<?xml version="1.0" encoding="UTF-8"?>
<!-- Generated by org.testng.reporters.JUnitReportReporter -->
<testsuite hostname="DERRICKS-PC" failures="0" tests="3" name="testNG.PKtest" time="39.142" errors="0" timestamp="2024-05-25T01:04:43 IST" skipped="0">
  <testcase classname="testNG.PKtest" name="ScrollPageAndAssertLogo" time="6.835"/>
  <system-out>
    <![CDATA[1.Scrolling the page from top to bottom and asserting the logo
        
valid entry sucessful!]]>
  </system-out>
  <testcase classname="testNG.PKtest" name="OpenAllHeadersAndTakeSS" time="21.031"/>
  <system-out>
    <![CDATA[2.Open Headers in Tabs and take screenshots :
        ]]>
  </system-out>
  <testcase classname="testNG.PKtest" name="FillAJobApplication" time="11.276"/>
  <system-out>
    <![CDATA[3.Click Apply button and fill out a job application :
        ]]>
  </system-out>
</testsuite> <!-- testNG.PKtest -->
