<?xml version="1.0" encoding="UTF-8"?>
<!-- Generated by org.testng.reporters.JUnitReportReporter -->
<testsuite hostname="DERRICKS-PC" failures="0" tests="3" name="testNG.FBtest" time="11.885" errors="0" timestamp="2024-05-25T00:18:04 IST" skipped="2">
  <testcase classname="testNG.FBtest" name="FillAJobApplication" time="11.885"/>
  <system-out/>
  <testcase classname="testNG.FBtest" name="OpenAllHeadersAndTakeSS">
    <skipped/>
  </testcase> <!-- OpenAllHeadersAndTakeSS -->
  <system-out/>
  <testcase classname="testNG.FBtest" name="ScrollPageAndAssertLogo">
    <skipped/>
  </testcase> <!-- ScrollPageAndAssertLogo -->
  <system-out/>
</testsuite> <!-- testNG.FBtest -->
