<?xml version="1.0" encoding="UTF-8"?>
<!-- Generated by org.testng.reporters.JUnitReportReporter -->
<testsuite hostname="DERRICKS-PC" failures="0" tests="1" name="testNG.Edgefb" time="14.217" errors="0" timestamp="2022-04-08T14:19:28 IST" skipped="0">
  <testcase classname="testNG.Edgefb" name="FBSignUpPositiveTests" time="14.217"/>
  <system-out>
    <![CDATA[FB SIGN UP POSITIVE TESTS :
        
valid entry sucessful!]]>
  </system-out>
</testsuite> <!-- testNG.Edgefb -->
